<?xml version="1.0" encoding="UTF-8"?>
<testng-results ignored="0" total="1" passed="1" failed="0" skipped="0">
  <reporter-output>
  </reporter-output>
  <suite started-at="2020-04-20T13:05:07Z" name="Default suite" finished-at="2020-04-20T13:05:37Z" duration-ms="30096">
    <groups>
    </groups>
    <test started-at="2020-04-20T13:05:07Z" name="Default test" finished-at="2020-04-20T13:05:37Z" duration-ms="30096">
      <class name="testcases.NaukriUpdateTest">
        <test-method signature="updateprofile()[pri:0, instance:testcases.NaukriUpdateTest@7a8c8dcf]" started-at="2020-04-20T18:35:07Z" name="updateprofile" finished-at="2020-04-20T18:35:37Z" duration-ms="30005" status="PASS">
          <reporter-output>
          </reporter-output>
        </test-method> <!-- updateprofile -->
        <test-method is-config="true" signature="afterMethod()[pri:0, instance:testcases.NaukriUpdateTest@7a8c8dcf]" started-at="2020-04-20T18:35:37Z" name="afterMethod" finished-at="2020-04-20T18:35:37Z" duration-ms="1" status="PASS">
          <reporter-output>
          </reporter-output>
        </test-method> <!-- afterMethod -->
      </class> <!-- testcases.NaukriUpdateTest -->
    </test> <!-- Default test -->
  </suite> <!-- Default suite -->
</testng-results>
